<?xml version="1.0" encoding="UTF-8"?>
<!-- Generated by org.testng.reporters.JUnitXMLReporter -->
<testsuite ignored="0" hostname="DESKTOP-E6I74AF" failures="1" tests="1" name="LoginPageTest" time="3.469" errors="0" timestamp="2026-01-13T18:01:44 IST">
  <testcase classname="com.CTest.LoginPageest" name="f" time="0.241">
    <failure type="java.lang.AssertionError" message="Login failed expected [true] but found [false]">
      <![CDATA[java.lang.AssertionError: Login failed expected [true] but found [false]
at com.CTest.LoginPageest.f(LoginPageest.java:16)
at java.base/java.util.ArrayList.forEach(ArrayList.java:1511)
... Removed 30 stack frames]]>
    </failure>
  </testcase> <!-- f -->
</testsuite> <!-- LoginPageTest -->
